<?xml version="1.0" encoding="UTF-8"?>
<coverage generated="1627674546125" clover="3.2.0">
  <project timestamp="1627674546125" name="All files">
    <metrics statements="13" coveredstatements="3" conditionals="5" coveredconditionals="1" methods="5" coveredmethods="3" elements="23" coveredelements="7" complexity="0" loc="13" ncloc="13" packages="1" files="4" classes="4"/>
    <file name="App.js" path="/home/junior/Documentos/react-jest-test/src/App.js">
      <metrics statements="2" coveredstatements="2" conditionals="0" coveredconditionals="0" methods="1" coveredmethods="1"/>
      <line num="6" count="2" type="stmt"/>
      <line num="8" count="2" type="stmt"/>
    </file>
    <file name="PersonList.js" path="/home/junior/Documentos/react-jest-test/src/PersonList.js">
      <metrics statements="1" coveredstatements="1" conditionals="1" coveredconditionals="1" methods="2" coveredmethods="2"/>
      <line num="4" count="6" type="stmt"/>
    </file>
    <file name="index.js" path="/home/junior/Documentos/react-jest-test/src/index.js">
      <metrics statements="2" coveredstatements="0" conditionals="0" coveredconditionals="0" methods="0" coveredmethods="0"/>
      <line num="7" count="0" type="stmt"/>
      <line num="17" count="0" type="stmt"/>
    </file>
    <file name="reportWebVitals.js" path="/home/junior/Documentos/react-jest-test/src/reportWebVitals.js">
      <metrics statements="8" coveredstatements="0" conditionals="4" coveredconditionals="0" methods="2" coveredmethods="0"/>
      <line num="1" count="0" type="stmt"/>
      <line num="2" count="0" type="cond" truecount="0" falsecount="4"/>
      <line num="3" count="0" type="stmt"/>
      <line num="4" count="0" type="stmt"/>
      <line num="5" count="0" type="stmt"/>
      <line num="6" count="0" type="stmt"/>
      <line num="7" count="0" type="stmt"/>
      <line num="8" count="0" type="stmt"/>
    </file>
  </project>
</coverage>
