{"/home/junior/Documentos/react-jest-test/src/App.js": {"path":"/home/junior/Documentos/react-jest-test/src/App.js","statementMap":{"0":{"start":{"line":6,"column":10},"end":{"line":6,"column":24}},"1":{"start":{"line":8,"column":4},"end":{"line":12,"column":6}}},"fnMap":{"0":{"name":"(anonymous_0)","decl":{"start":{"line":7,"column":2},"end":{"line":7,"column":3}},"loc":{"start":{"line":7,"column":12},"end":{"line":13,"column":3}},"line":7}},"branchMap":{},"s":{"0":2,"1":2},"f":{"0":2},"b":{},"_coverageSchema":"1a1c01bbd47fc00a2c39e90264f33305004495a9","hash":"cd43a8e3c6730aa3e4603b79f948cdf3587dcfa2"}
,"/home/junior/Documentos/react-jest-test/src/PersonList.js": {"path":"/home/junior/Documentos/react-jest-test/src/PersonList.js","statementMap":{"0":{"start":{"line":4,"column":0},"end":{"line":4,"column":95}},"1":{"start":{"line":4,"column":32},"end":{"line":4,"column":86}}},"fnMap":{"0":{"name":"(anonymous_0)","decl":{"start":{"line":3,"column":15},"end":{"line":3,"column":16}},"loc":{"start":{"line":4,"column":0},"end":{"line":4,"column":95}},"line":4},"1":{"name":"(anonymous_1)","decl":{"start":{"line":4,"column":17},"end":{"line":4,"column":18}},"loc":{"start":{"line":4,"column":32},"end":{"line":4,"column":86}},"line":4}},"branchMap":{"0":{"loc":{"start":{"line":3,"column":18},"end":{"line":3,"column":29}},"type":"default-arg","locations":[{"start":{"line":3,"column":27},"end":{"line":3,"column":29}}],"line":3}},"s":{"0":6,"1":6},"f":{"0":6,"1":6},"b":{"0":[1]},"_coverageSchema":"1a1c01bbd47fc00a2c39e90264f33305004495a9","hash":"be0d5a34119636a74fe77d30e11488be0341be42"}
,"/home/junior/Documentos/react-jest-test/src/index.js": {"path":"/home/junior/Documentos/react-jest-test/src/index.js","statementMap":{"0":{"start":{"line":7,"column":0},"end":{"line":12,"column":2}},"1":{"start":{"line":17,"column":0},"end":{"line":17,"column":18}}},"fnMap":{},"branchMap":{},"s":{"0":0,"1":0},"f":{},"b":{}}
,"/home/junior/Documentos/react-jest-test/src/reportWebVitals.js": {"path":"/home/junior/Documentos/react-jest-test/src/reportWebVitals.js","statementMap":{"0":{"start":{"line":1,"column":24},"end":{"line":11,"column":1}},"1":{"start":{"line":2,"column":2},"end":{"line":10,"column":3}},"2":{"start":{"line":3,"column":4},"end":{"line":9,"column":7}},"3":{"start":{"line":4,"column":6},"end":{"line":4,"column":26}},"4":{"start":{"line":5,"column":6},"end":{"line":5,"column":26}},"5":{"start":{"line":6,"column":6},"end":{"line":6,"column":26}},"6":{"start":{"line":7,"column":6},"end":{"line":7,"column":26}},"7":{"start":{"line":8,"column":6},"end":{"line":8,"column":27}}},"fnMap":{"0":{"name":"(anonymous_0)","decl":{"start":{"line":1,"column":24},"end":{"line":1,"column":25}},"loc":{"start":{"line":1,"column":39},"end":{"line":11,"column":1}},"line":1},"1":{"name":"(anonymous_1)","decl":{"start":{"line":3,"column":30},"end":{"line":3,"column":31}},"loc":{"start":{"line":3,"column":79},"end":{"line":9,"column":5}},"line":3}},"branchMap":{"0":{"loc":{"start":{"line":2,"column":2},"end":{"line":10,"column":3}},"type":"if","locations":[{"start":{"line":2,"column":2},"end":{"line":10,"column":3}},{"start":{"line":2,"column":2},"end":{"line":10,"column":3}}],"line":2},"1":{"loc":{"start":{"line":2,"column":6},"end":{"line":2,"column":52}},"type":"binary-expr","locations":[{"start":{"line":2,"column":6},"end":{"line":2,"column":17}},{"start":{"line":2,"column":21},"end":{"line":2,"column":52}}],"line":2}},"s":{"0":0,"1":0,"2":0,"3":0,"4":0,"5":0,"6":0,"7":0},"f":{"0":0,"1":0},"b":{"0":[0,0],"1":[0,0]}}
}
